<?xml version="1.0" encoding="UTF-8"?>
<testng-results skipped="0" failed="1" ignored="0" total="3" passed="2">
  <reporter-output>
  </reporter-output>
  <suite name="Suite" duration-ms="88784" started-at="2022-10-13T17:27:05Z" finished-at="2022-10-13T17:28:34Z">
    <groups>
    </groups>
    <test name="FlipboardLoginTest" duration-ms="40540" started-at="2022-10-13T17:27:05Z" finished-at="2022-10-13T17:27:46Z">
      <class name="testcases.FlipboardLoginTest">
        <test-method status="PASS" signature="init()[pri:0, instance:testcases.FlipboardLoginTest@66d1af89]" name="init" is-config="true" duration-ms="30293" started-at="2022-10-13T17:27:05Z" finished-at="2022-10-13T17:27:35Z">
          <reporter-output>
          </reporter-output>
        </test-method> <!-- init -->
        <test-method status="PASS" signature="validateGetStartedButton()[pri:1, instance:testcases.FlipboardLoginTest@66d1af89]" name="validateGetStartedButton" duration-ms="376" started-at="2022-10-13T17:27:35Z" finished-at="2022-10-13T17:27:36Z">
          <reporter-output>
          </reporter-output>
        </test-method> <!-- validateGetStartedButton -->
        <test-method status="PASS" signature="chooseTopicsTest()[pri:2, instance:testcases.FlipboardLoginTest@66d1af89]" name="chooseTopicsTest" duration-ms="5516" started-at="2022-10-13T17:27:36Z" finished-at="2022-10-13T17:27:41Z">
          <reporter-output>
          </reporter-output>
        </test-method> <!-- chooseTopicsTest -->
        <test-method status="PASS" signature="quitDriver()[pri:0, instance:testcases.FlipboardLoginTest@66d1af89]" name="quitDriver" is-config="true" duration-ms="4101" started-at="2022-10-13T17:27:41Z" finished-at="2022-10-13T17:27:46Z">
          <reporter-output>
          </reporter-output>
        </test-method> <!-- quitDriver -->
      </class> <!-- testcases.FlipboardLoginTest -->
    </test> <!-- FlipboardLoginTest -->
    <test name="Title Section Test" duration-ms="47442" started-at="2022-10-13T17:27:46Z" finished-at="2022-10-13T17:28:34Z">
      <class name="testcases.TitleSectionTest">
        <test-method status="PASS" signature="init()[pri:0, instance:testcases.TitleSectionTest@17d0685f]" name="init" is-config="true" duration-ms="27751" started-at="2022-10-13T17:27:46Z" finished-at="2022-10-13T17:28:14Z">
          <reporter-output>
          </reporter-output>
        </test-method> <!-- init -->
        <test-method status="FAIL" signature="validateTitle()[pri:0, instance:testcases.TitleSectionTest@17d0685f]" name="validateTitle" duration-ms="13625" started-at="2022-10-13T17:28:14Z" finished-at="2022-10-13T17:28:28Z">
          <exception class="java.lang.AssertionError">
            <message>
              <![CDATA[Failing Test case to check screenshot and reporting]]>
            </message>
            <full-stacktrace>
              <![CDATA[java.lang.AssertionError: Failing Test case to check screenshot and reporting
at org.testng.Assert.fail(Assert.java:96)
at testcases.TitleSectionTest.validateTitle(TitleSectionTest.java:38)
at sun.reflect.NativeMethodAccessorImpl.invoke0(Native Method)
at sun.reflect.NativeMethodAccessorImpl.invoke(NativeMethodAccessorImpl.java:62)
at sun.reflect.DelegatingMethodAccessorImpl.invoke(DelegatingMethodAccessorImpl.java:43)
at java.lang.reflect.Method.invoke(Method.java:498)
at org.testng.internal.MethodInvocationHelper.invokeMethod(MethodInvocationHelper.java:124)
at org.testng.internal.Invoker.invokeMethod(Invoker.java:583)
at org.testng.internal.Invoker.invokeTestMethod(Invoker.java:719)
at org.testng.internal.Invoker.invokeTestMethods(Invoker.java:989)
at org.testng.internal.TestMethodWorker.invokeTestMethods(TestMethodWorker.java:125)
at org.testng.internal.TestMethodWorker.run(TestMethodWorker.java:109)
at org.testng.TestRunner.privateRun(TestRunner.java:648)
at org.testng.TestRunner.run(TestRunner.java:505)
at org.testng.SuiteRunner.runTest(SuiteRunner.java:455)
at org.testng.SuiteRunner.runSequentially(SuiteRunner.java:450)
at org.testng.SuiteRunner.privateRun(SuiteRunner.java:415)
at org.testng.SuiteRunner.run(SuiteRunner.java:364)
at org.testng.SuiteRunnerWorker.runSuite(SuiteRunnerWorker.java:52)
at org.testng.SuiteRunnerWorker.run(SuiteRunnerWorker.java:84)
at org.testng.TestNG.runSuitesSequentially(TestNG.java:1208)
at org.testng.TestNG.runSuitesLocally(TestNG.java:1137)
at org.testng.TestNG.runSuites(TestNG.java:1049)
at org.testng.TestNG.run(TestNG.java:1017)
at org.apache.maven.surefire.testng.TestNGExecutor.run(TestNGExecutor.java:295)
at org.apache.maven.surefire.testng.TestNGXmlTestSuite.execute(TestNGXmlTestSuite.java:84)
at org.apache.maven.surefire.testng.TestNGProvider.invoke(TestNGProvider.java:90)
at org.apache.maven.surefire.booter.ForkedBooter.invokeProviderInSameClassLoader(ForkedBooter.java:203)
at org.apache.maven.surefire.booter.ForkedBooter.runSuitesInProcess(ForkedBooter.java:155)
at org.apache.maven.surefire.booter.ForkedBooter.main(ForkedBooter.java:103)
]]>
            </full-stacktrace>
          </exception> <!-- java.lang.AssertionError -->
          <reporter-output>
          </reporter-output>
        </test-method> <!-- validateTitle -->
        <test-method status="PASS" signature="quitDriver()[pri:0, instance:testcases.TitleSectionTest@17d0685f]" name="quitDriver" is-config="true" duration-ms="3785" started-at="2022-10-13T17:28:30Z" finished-at="2022-10-13T17:28:34Z">
          <reporter-output>
          </reporter-output>
        </test-method> <!-- quitDriver -->
      </class> <!-- testcases.TitleSectionTest -->
    </test> <!-- Title Section Test -->
  </suite> <!-- Suite -->
</testng-results>
